Removed Pin From Net: NetName=NetB2_4 Pin=C11-1
Removed Pin From Net: NetName=GND Pin=C11-2
Removed Pin From Net: NetName=GND Pin=C27-1
Removed Pin From Net: NetName=3.3V Pin=C28-1
Removed Pin From Net: NetName=GND Pin=C28-2
Removed Pin From Net: NetName=PC5_POWER_INPUT Pin=P1-1
Removed Pin From Net: NetName=5V Pin=R5-1
Removed Pin From Net: NetName=NetD3_1 Pin=R5-2
Removed Pin From Net: NetName=3.3V Pin=R6-1
Removed Pin From Net: NetName=NetD4_1 Pin=R6-2
Removed Pin From Net: NetName=5V Pin=R7-1
Removed Pin From Net: NetName=USART3_RX/SDA2 Pin=R7-2
Removed Member From Class: ClassName=universky-SENSOR Member=C27
Change Component Designator: OldDesignator=C12 NewDesignator=C13
Change Component Designator: OldDesignator=C13 NewDesignator=C14
Change Component Designator: OldDesignator=C14 NewDesignator=C15
Change Component Designator: OldDesignator=C15 NewDesignator=C16
Change Component Designator: OldDesignator=C16 NewDesignator=C17
Change Component Designator: OldDesignator=C17 NewDesignator=C18
Change Component Designator: OldDesignator=C18 NewDesignator=C19
Change Component Designator: OldDesignator=C19 NewDesignator=C20
Change Component Designator: OldDesignator=C20 NewDesignator=C21
Change Component Designator: OldDesignator=C21 NewDesignator=C22
Change Component Designator: OldDesignator=C22 NewDesignator=C23
Change Component Designator: OldDesignator=C23 NewDesignator=C24
Change Component Designator: OldDesignator=C24 NewDesignator=C25
Change Component Designator: OldDesignator=C25 NewDesignator=C26
Change Component Designator: OldDesignator=C26 NewDesignator=C27
Change Component Designator: OldDesignator=R8 NewDesignator=R11
Change Component Designator: OldDesignator=R9 NewDesignator=R12
Added Component: Designator=C12(0603_C)
Added Component: Designator=C29(0603_C)
Added Component: Designator=R8(0603_R)
Added Component: Designator=R9(0603_R)
Added Component: Designator=R10(0603_R)
Added Pin To Net: NetName=GND Pin=C11-1
Added Pin To Net: NetName=PC5_POWER_INPUT Pin=C11-2
Added Pin To Net: NetName=NetB2_4 Pin=C12-1
Added Pin To Net: NetName=GND Pin=C12-2
Added Pin To Net: NetName=GND Pin=C28-1
Added Pin To Net: NetName=3.3V Pin=C29-1
Added Pin To Net: NetName=GND Pin=C29-2
Added Pin To Net: NetName=PC5_POWER_INPUT Pin=R6-2
Added Pin To Net: NetName=GND Pin=R7-1
Added Pin To Net: NetName=5V Pin=R8-1
Added Pin To Net: NetName=NetD3_1 Pin=R8-2
Added Pin To Net: NetName=3.3V Pin=R9-1
Added Pin To Net: NetName=NetD4_1 Pin=R9-2
Added Pin To Net: NetName=5V Pin=R10-1
Added Pin To Net: NetName=USART3_RX/SDA2 Pin=R10-2
Added Pin To Net: NetName=NetC28_2 Pin=C28-2
Added Pin To Net: NetName=NetC28_2 Pin=U2-10
Added Net: Name=NetC28_2
Added Pin To Net: NetName=NetP1_1 Pin=P1-1
Added Pin To Net: NetName=NetP1_1 Pin=R5-2
Added Net: Name=NetP1_1
Added Pin To Net: NetName=NetR5_1 Pin=R5-1
Added Pin To Net: NetName=NetR5_1 Pin=R6-1
Added Pin To Net: NetName=NetR5_1 Pin=R7-2
Added Net: Name=NetR5_1
Added Member To Class: ClassName=universky-POWER Member=Component C16 Cap
Added Member To Class: ClassName=universky-SENSOR Member=Component C29 Cap
Added Member To Class: ClassName=universky-POWER Member=Component R7 Res2
Added Member To Class: ClassName=universky-POWER Member=Component R8 Res2
Added Member To Class: ClassName=universky-POWER Member=Component R9 Res2
