Removed Pin From Net: NetName=OTG_FS_DM Pin=USB1-2
Removed Pin From Net: NetName=OTG_FS_DP Pin=USB1-3
Removed Member From Class: ClassName=universky-MCU Member=R6
Removed Member From Class: ClassName=universky-MCU Member=R7
Removed Member From Class: ClassName=universky-MCU Member=R8
Change Component Designator: OldDesignator=R5 NewDesignator=R7
Change Component Designator: OldDesignator=R6 NewDesignator=R8
Change Component Designator: OldDesignator=R7 NewDesignator=R9
Change Component Designator: OldDesignator=R8 NewDesignator=R10
Change Component Designator: OldDesignator=R9 NewDesignator=R11
Added Component: Designator=R998(0603_R)
Added Component: Designator=R999(0603_R)
Added Pin To Net: NetName=OTG_FS_DP Pin=R998-2
Added Pin To Net: NetName=OTG_FS_DM Pin=R999-2
Added Pin To Net: NetName=NetR999_1 Pin=R999-1
Added Pin To Net: NetName=NetR999_1 Pin=USB1-2
Added Net: Name=NetR999_1
Added Member To Class: ClassName=universky-MCU Member=Component R4 Res2
Added Member To Class: ClassName=universky-CONNECTOR Member=Component R10 Res2
Added Member To Class: ClassName=universky-SENSOR Member=Component R11 Res2
Added Member To Class: ClassName=universky-MCU Member=Component R998 RES_10K
Added Member To Class: ClassName=universky-MCU Member=Component R999 RES_10K
